c:\users\alexandra\documents\visual studio 2017\projects\smallworldproject\smallworldproject\debug\vc141.pdb
c:\users\alexandra\documents\visual studio 2017\projects\smallworldproject\smallworldproject\debug\vc141.idb
c:\users\alexandra\documents\visual studio 2017\projects\smallworldproject\smallworldproject\debug\orc.obj
c:\users\alexandra\documents\visual studio 2017\projects\smallworldproject\smallworldproject\debug\pillaging.obj
c:\users\alexandra\documents\visual studio 2017\projects\smallworldproject\smallworldproject\debug\player.obj
c:\users\alexandra\documents\visual studio 2017\projects\smallworldproject\smallworldproject\debug\ratmen.obj
c:\users\alexandra\documents\visual studio 2017\projects\smallworldproject\smallworldproject\debug\region.obj
c:\users\alexandra\documents\visual studio 2017\projects\smallworldproject\smallworldproject\debug\reinforcementdie.obj
c:\users\alexandra\documents\visual studio 2017\projects\smallworldproject\smallworldproject\debug\seafaring.obj
c:\users\alexandra\documents\visual studio 2017\projects\smallworldproject\smallworldproject\debug\skeleton.obj
c:\users\alexandra\documents\visual studio 2017\projects\smallworldproject\smallworldproject\debug\sorcerer.obj
c:\users\alexandra\documents\visual studio 2017\projects\smallworldproject\smallworldproject\debug\specialpower.obj
c:\users\alexandra\documents\visual studio 2017\projects\smallworldproject\smallworldproject\debug\spirit.obj
c:\users\alexandra\documents\visual studio 2017\projects\smallworldproject\smallworldproject\debug\stout.obj
c:\users\alexandra\documents\visual studio 2017\projects\smallworldproject\smallworldproject\debug\swamp.obj
c:\users\alexandra\documents\visual studio 2017\projects\smallworldproject\smallworldproject\debug\triton.obj
c:\users\alexandra\documents\visual studio 2017\projects\smallworldproject\smallworldproject\debug\troll.obj
c:\users\alexandra\documents\visual studio 2017\projects\smallworldproject\smallworldproject\debug\trolllair.obj
c:\users\alexandra\documents\visual studio 2017\projects\smallworldproject\smallworldproject\debug\underworld.obj
c:\users\alexandra\documents\visual studio 2017\projects\smallworldproject\smallworldproject\debug\victorycoin.obj
c:\users\alexandra\documents\visual studio 2017\projects\smallworldproject\smallworldproject\debug\wealthy.obj
c:\users\alexandra\documents\visual studio 2017\projects\smallworldproject\smallworldproject\debug\wizard.obj
c:\users\alexandra\documents\visual studio 2017\projects\smallworldproject\smallworldproject\debug\edge.obj
c:\users\alexandra\documents\visual studio 2017\projects\smallworldproject\smallworldproject\debug\elf.obj
c:\users\alexandra\documents\visual studio 2017\projects\smallworldproject\smallworldproject\debug\encampment.obj
c:\users\alexandra\documents\visual studio 2017\projects\smallworldproject\smallworldproject\debug\flying.obj
c:\users\alexandra\documents\visual studio 2017\projects\smallworldproject\smallworldproject\debug\forest.obj
c:\users\alexandra\documents\visual studio 2017\projects\smallworldproject\smallworldproject\debug\fortified.obj
c:\users\alexandra\documents\visual studio 2017\projects\smallworldproject\smallworldproject\debug\fortress.obj
c:\users\alexandra\documents\visual studio 2017\projects\smallworldproject\smallworldproject\debug\ghoul.obj
c:\users\alexandra\documents\visual studio 2017\projects\smallworldproject\smallworldproject\debug\giant.obj
c:\users\alexandra\documents\visual studio 2017\projects\smallworldproject\smallworldproject\debug\halfling.obj
c:\users\alexandra\documents\visual studio 2017\projects\smallworldproject\smallworldproject\debug\hero.obj
c:\users\alexandra\documents\visual studio 2017\projects\smallworldproject\smallworldproject\debug\heroic.obj
c:\users\alexandra\documents\visual studio 2017\projects\smallworldproject\smallworldproject\debug\hill.obj
c:\users\alexandra\documents\visual studio 2017\projects\smallworldproject\smallworldproject\debug\holeintheground.obj
c:\users\alexandra\documents\visual studio 2017\projects\smallworldproject\smallworldproject\debug\human.obj
c:\users\alexandra\documents\visual studio 2017\projects\smallworldproject\smallworldproject\debug\map.obj
c:\users\alexandra\documents\visual studio 2017\projects\smallworldproject\smallworldproject\debug\maploader.obj
c:\users\alexandra\documents\visual studio 2017\projects\smallworldproject\smallworldproject\debug\merchant.obj
c:\users\alexandra\documents\visual studio 2017\projects\smallworldproject\smallworldproject\debug\mountain.obj
c:\users\alexandra\documents\visual studio 2017\projects\smallworldproject\smallworldproject\debug\mounted.obj
c:\users\alexandra\documents\visual studio 2017\projects\smallworldproject\smallworldproject\debug\alchemist.obj
c:\users\alexandra\documents\visual studio 2017\projects\smallworldproject\smallworldproject\debug\amazon.obj
c:\users\alexandra\documents\visual studio 2017\projects\smallworldproject\smallworldproject\debug\berserk.obj
c:\users\alexandra\documents\visual studio 2017\projects\smallworldproject\smallworldproject\debug\bivouacking.obj
c:\users\alexandra\documents\visual studio 2017\projects\smallworldproject\smallworldproject\debug\commando.obj
c:\users\alexandra\documents\visual studio 2017\projects\smallworldproject\smallworldproject\debug\diplomat.obj
c:\users\alexandra\documents\visual studio 2017\projects\smallworldproject\smallworldproject\debug\dragon.obj
c:\users\alexandra\documents\visual studio 2017\projects\smallworldproject\smallworldproject\debug\dragonmaster.obj
c:\users\alexandra\documents\visual studio 2017\projects\smallworldproject\smallworldproject\debug\drivers.obj
c:\users\alexandra\documents\visual studio 2017\projects\smallworldproject\smallworldproject\debug\dwarf.obj
c:\users\alexandra\documents\visual studio 2017\projects\smallworldproject\smallworldproject\debug\racebanner.obj
c:\users\alexandra\documents\visual studio 2017\projects\smallworldproject\smallworldproject\debug\gamepiece.obj
c:\users\alexandra\documents\visual studio 2017\projects\smallworldproject\debug\smallworldproject.pdb
c:\users\alexandra\documents\visual studio 2017\projects\smallworldproject\debug\smallworldproject.exe
c:\users\alexandra\documents\visual studio 2017\projects\smallworldproject\debug\smallworldproject.ilk
c:\users\alexandra\documents\visual studio 2017\projects\smallworldproject\smallworldproject\debug\smallwor.063e006b.tlog\cl.command.1.tlog
c:\users\alexandra\documents\visual studio 2017\projects\smallworldproject\smallworldproject\debug\smallwor.063e006b.tlog\cl.read.1.tlog
c:\users\alexandra\documents\visual studio 2017\projects\smallworldproject\smallworldproject\debug\smallwor.063e006b.tlog\cl.write.1.tlog
c:\users\alexandra\documents\visual studio 2017\projects\smallworldproject\smallworldproject\debug\smallwor.063e006b.tlog\link.command.1.tlog
c:\users\alexandra\documents\visual studio 2017\projects\smallworldproject\smallworldproject\debug\smallwor.063e006b.tlog\link.read.1.tlog
c:\users\alexandra\documents\visual studio 2017\projects\smallworldproject\smallworldproject\debug\smallwor.063e006b.tlog\link.write.1.tlog
